=== bestinstantpot.com ===
{
  "message": "The certificate does not exist yet",
  "documentation_url": "https://docs.github.com/rest/pages/pages#update-information-about-a-apiname-pages-site",
  "status": "404"
}


=== bestsmokergrill.com ===
{
  "message": "The certificate does not exist yet",
  "documentation_url": "https://docs.github.com/rest/pages/pages#update-information-about-a-apiname-pages-site",
  "status": "404"
}


=== bestmeshwifi.com ===
{
  "message": "The certificate does not exist yet",
  "documentation_url": "https://docs.github.com/rest/pages/pages#update-information-about-a-apiname-pages-site",
  "status": "404"
}


=== bestgarageorganizer.com ===
{
  "message": "The certificate does not exist yet",
  "documentation_url": "https://docs.github.com/rest/pages/pages#update-information-about-a-apiname-pages-site",
  "status": "404"
}


=== whatarebest.com ===
{
  "message": "The certificate does not exist yet",
  "documentation_url": "https://docs.github.com/rest/pages/pages#update-information-about-a-apiname-pages-site",
  "status": "404"
}


