[2026-04-18T23:14:40Z] Starting bestmeshwifi.com
error: unknown option '--runtime'
[2026-04-18T23:14:56Z] Starting bestinstantpot.com
error: unknown option '--runtime'
[2026-04-18T23:15:01Z] Starting bestmeshwifi.com
error: unknown option '--runtime'
[2026-04-18T23:15:16Z] Starting bestinstantpot.com
error: unknown option '--runtime'
[2026-04-18T23:15:32Z] Starting bestgarageorganizer.com
error: unknown option '--runtime'
[2026-04-18T23:15:47Z] Starting bestfirestick.com
error: unknown option '--runtime'
[2026-04-18T23:16:03Z] Starting besttruckaccessories.com
error: unknown option '--runtime'
[2026-04-18T23:16:18Z] Starting bestbroncoaccessories.com
error: unknown option '--runtime'
[2026-04-18T23:16:33Z] Starting broncolift.com
error: unknown option '--runtime'
[2026-04-19T00:15:01Z] Starting bestmeshwifi.com
error: unknown option '--runtime'
[2026-04-19T00:15:16Z] Starting bestinstantpot.com
error: unknown option '--runtime'
[2026-04-19T00:15:31Z] Starting bestgarageorganizer.com
error: unknown option '--runtime'
[2026-04-19T00:15:47Z] Starting bestfirestick.com
error: unknown option '--runtime'
[2026-04-19T00:16:02Z] Starting besttruckaccessories.com
error: unknown option '--runtime'
[2026-04-19T00:16:17Z] Starting bestbroncoaccessories.com
error: unknown option '--runtime'
[2026-04-19T00:16:33Z] Starting broncolift.com
error: unknown option '--runtime'
[2026-04-19T01:15:01Z] Starting bestmeshwifi.com
error: unknown option '--runtime'
[2026-04-19T01:15:16Z] Starting bestinstantpot.com
error: unknown option '--runtime'
[2026-04-19T01:15:31Z] Starting bestgarageorganizer.com
error: unknown option '--runtime'
[2026-04-19T01:15:47Z] Starting bestfirestick.com
error: unknown option '--runtime'
[2026-04-19T01:16:02Z] Starting besttruckaccessories.com
error: unknown option '--runtime'
[2026-04-19T01:16:18Z] Starting bestbroncoaccessories.com
error: unknown option '--runtime'
[2026-04-19T01:16:33Z] Starting broncolift.com
error: unknown option '--runtime'
[2026-04-19T02:15:01Z] Starting bestmeshwifi.com
error: unknown option '--runtime'
[2026-04-19T02:15:17Z] Starting bestinstantpot.com
error: unknown option '--runtime'
[2026-04-19T02:15:32Z] Starting bestgarageorganizer.com
error: unknown option '--runtime'
[2026-04-19T02:15:47Z] Starting bestfirestick.com
error: unknown option '--runtime'
[2026-04-19T02:16:03Z] Starting besttruckaccessories.com
error: unknown option '--runtime'
[2026-04-19T02:16:18Z] Starting bestbroncoaccessories.com
error: unknown option '--runtime'
[2026-04-19T02:16:33Z] Starting broncolift.com
error: unknown option '--runtime'
[2026-04-19T23:15:01Z] Starting bestmeshwifi.com
error: unknown option '--runtime'
[2026-04-19T23:15:16Z] Starting bestinstantpot.com
error: unknown option '--runtime'
[2026-04-19T23:15:31Z] Starting bestgarageorganizer.com
error: unknown option '--runtime'
[2026-04-19T23:15:47Z] Starting bestfirestick.com
error: unknown option '--runtime'
[2026-04-19T23:16:02Z] Starting besttruckaccessories.com
error: unknown option '--runtime'
[2026-04-19T23:16:17Z] Starting bestbroncoaccessories.com
error: unknown option '--runtime'
[2026-04-19T23:16:33Z] Starting broncolift.com
error: unknown option '--runtime'
[2026-04-20T00:15:01Z] Starting bestmeshwifi.com
error: unknown option '--runtime'
[2026-04-20T00:15:16Z] Starting bestinstantpot.com
error: unknown option '--runtime'
[2026-04-20T00:15:31Z] Starting bestgarageorganizer.com
error: unknown option '--runtime'
[2026-04-20T00:15:47Z] Starting bestfirestick.com
error: unknown option '--runtime'
[2026-04-20T00:16:02Z] Starting besttruckaccessories.com
error: unknown option '--runtime'
[2026-04-20T00:16:17Z] Starting bestbroncoaccessories.com
error: unknown option '--runtime'
[2026-04-20T00:16:33Z] Starting broncolift.com
error: unknown option '--runtime'
[2026-04-20T01:15:01Z] Starting bestmeshwifi.com
error: unknown option '--runtime'
[2026-04-20T01:15:17Z] Starting bestinstantpot.com
error: unknown option '--runtime'
[2026-04-20T01:15:32Z] Starting bestgarageorganizer.com
error: unknown option '--runtime'
[2026-04-20T01:15:47Z] Starting bestfirestick.com
error: unknown option '--runtime'
[2026-04-20T01:16:02Z] Starting besttruckaccessories.com
error: unknown option '--runtime'
[2026-04-20T01:16:18Z] Starting bestbroncoaccessories.com
error: unknown option '--runtime'
[2026-04-20T01:16:33Z] Starting broncolift.com
error: unknown option '--runtime'
[2026-04-20T02:15:01Z] Starting bestmeshwifi.com
error: unknown option '--runtime'
[2026-04-20T02:15:16Z] Starting bestinstantpot.com
error: unknown option '--runtime'
[2026-04-20T02:15:31Z] Starting bestgarageorganizer.com
error: unknown option '--runtime'
[2026-04-20T02:15:46Z] Starting bestfirestick.com
error: unknown option '--runtime'
[2026-04-20T02:16:02Z] Starting besttruckaccessories.com
error: unknown option '--runtime'
[2026-04-20T02:16:17Z] Starting bestbroncoaccessories.com
error: unknown option '--runtime'
[2026-04-20T02:16:33Z] Starting broncolift.com
error: unknown option '--runtime'
[2026-04-20T23:15:01Z] Starting bestmeshwifi.com
error: unknown option '--runtime'
[2026-04-20T23:15:17Z] Starting bestinstantpot.com
error: unknown option '--runtime'
[2026-04-20T23:15:32Z] Starting bestgarageorganizer.com
error: unknown option '--runtime'
[2026-04-20T23:15:47Z] Starting bestfirestick.com
error: unknown option '--runtime'
[2026-04-20T23:16:02Z] Starting besttruckaccessories.com
error: unknown option '--runtime'
[2026-04-20T23:16:18Z] Starting bestbroncoaccessories.com
error: unknown option '--runtime'
[2026-04-20T23:16:33Z] Starting broncolift.com
error: unknown option '--runtime'
[2026-04-21T00:15:01Z] Starting bestmeshwifi.com
error: unknown option '--runtime'
[2026-04-21T00:15:16Z] Starting bestinstantpot.com
error: unknown option '--runtime'
[2026-04-21T00:15:32Z] Starting bestgarageorganizer.com
error: unknown option '--runtime'
[2026-04-21T00:15:47Z] Starting bestfirestick.com
error: unknown option '--runtime'
[2026-04-21T00:16:02Z] Starting besttruckaccessories.com
error: unknown option '--runtime'
[2026-04-21T00:16:18Z] Starting bestbroncoaccessories.com
error: unknown option '--runtime'
[2026-04-21T00:16:33Z] Starting broncolift.com
error: unknown option '--runtime'
[2026-04-21T01:15:01Z] Starting bestmeshwifi.com
error: unknown option '--runtime'
[2026-04-21T01:15:17Z] Starting bestinstantpot.com
error: unknown option '--runtime'
[2026-04-21T01:15:32Z] Starting bestgarageorganizer.com
error: unknown option '--runtime'
[2026-04-21T01:15:47Z] Starting bestfirestick.com
error: unknown option '--runtime'
[2026-04-21T01:16:03Z] Starting besttruckaccessories.com
error: unknown option '--runtime'
[2026-04-21T01:16:18Z] Starting bestbroncoaccessories.com
error: unknown option '--runtime'
[2026-04-21T01:16:33Z] Starting broncolift.com
error: unknown option '--runtime'
[2026-04-21T02:15:01Z] Starting bestmeshwifi.com
error: unknown option '--runtime'
[2026-04-21T02:15:16Z] Starting bestinstantpot.com
error: unknown option '--runtime'
[2026-04-21T02:15:31Z] Starting bestgarageorganizer.com
error: unknown option '--runtime'
[2026-04-21T02:15:47Z] Starting bestfirestick.com
error: unknown option '--runtime'
[2026-04-21T02:16:02Z] Starting besttruckaccessories.com
error: unknown option '--runtime'
[2026-04-21T02:16:18Z] Starting bestbroncoaccessories.com
error: unknown option '--runtime'
[2026-04-21T02:16:33Z] Starting broncolift.com
error: unknown option '--runtime'
[2026-04-21T23:15:01Z] Starting bestmeshwifi.com
error: unknown option '--runtime'
[2026-04-21T23:15:17Z] Starting bestinstantpot.com
error: unknown option '--runtime'
[2026-04-21T23:15:32Z] Starting bestgarageorganizer.com
error: unknown option '--runtime'
[2026-04-21T23:15:48Z] Starting bestfirestick.com
error: unknown option '--runtime'
[2026-04-21T23:16:03Z] Starting besttruckaccessories.com
error: unknown option '--runtime'
[2026-04-21T23:16:18Z] Starting bestbroncoaccessories.com
error: unknown option '--runtime'
[2026-04-21T23:16:33Z] Starting broncolift.com
error: unknown option '--runtime'
[2026-04-22T00:15:01Z] Starting bestmeshwifi.com
error: unknown option '--runtime'
[2026-04-22T00:15:17Z] Starting bestinstantpot.com
error: unknown option '--runtime'
[2026-04-22T00:15:32Z] Starting bestgarageorganizer.com
error: unknown option '--runtime'
[2026-04-22T00:15:47Z] Starting bestfirestick.com
error: unknown option '--runtime'
[2026-04-22T00:16:03Z] Starting besttruckaccessories.com
error: unknown option '--runtime'
[2026-04-22T00:16:18Z] Starting bestbroncoaccessories.com
error: unknown option '--runtime'
[2026-04-22T00:16:33Z] Starting broncolift.com
error: unknown option '--runtime'
[2026-04-22T01:15:01Z] Starting bestmeshwifi.com
error: unknown option '--runtime'
[2026-04-22T01:15:16Z] Starting bestinstantpot.com
error: unknown option '--runtime'
[2026-04-22T01:15:31Z] Starting bestgarageorganizer.com
error: unknown option '--runtime'
[2026-04-22T01:15:47Z] Starting bestfirestick.com
error: unknown option '--runtime'
[2026-04-22T01:16:02Z] Starting besttruckaccessories.com
error: unknown option '--runtime'
[2026-04-22T01:16:18Z] Starting bestbroncoaccessories.com
error: unknown option '--runtime'
[2026-04-22T01:16:33Z] Starting broncolift.com
error: unknown option '--runtime'
[2026-04-22T02:15:01Z] Starting bestmeshwifi.com
error: unknown option '--runtime'
[2026-04-22T02:15:17Z] Starting bestinstantpot.com
error: unknown option '--runtime'
[2026-04-22T02:15:32Z] Starting bestgarageorganizer.com
error: unknown option '--runtime'
[2026-04-22T02:15:48Z] Starting bestfirestick.com
error: unknown option '--runtime'
[2026-04-22T02:16:03Z] Starting besttruckaccessories.com
error: unknown option '--runtime'
[2026-04-22T02:16:18Z] Starting bestbroncoaccessories.com
error: unknown option '--runtime'
[2026-04-22T02:16:34Z] Starting broncolift.com
error: unknown option '--runtime'
[2026-04-22T23:15:01Z] Starting bestmeshwifi.com
error: unknown option '--runtime'
[2026-04-22T23:15:17Z] Starting bestinstantpot.com
error: unknown option '--runtime'
[2026-04-22T23:15:32Z] Starting bestgarageorganizer.com
error: unknown option '--runtime'
[2026-04-22T23:15:47Z] Starting bestfirestick.com
error: unknown option '--runtime'
[2026-04-22T23:16:03Z] Starting besttruckaccessories.com
error: unknown option '--runtime'
[2026-04-22T23:16:18Z] Starting bestbroncoaccessories.com
error: unknown option '--runtime'
[2026-04-22T23:16:33Z] Starting broncolift.com
error: unknown option '--runtime'
[2026-04-23T00:15:01Z] Starting bestmeshwifi.com
error: unknown option '--runtime'
[2026-04-23T00:15:16Z] Starting bestinstantpot.com
error: unknown option '--runtime'
[2026-04-23T00:15:31Z] Starting bestgarageorganizer.com
error: unknown option '--runtime'
[2026-04-23T00:15:47Z] Starting bestfirestick.com
error: unknown option '--runtime'
[2026-04-23T00:16:02Z] Starting besttruckaccessories.com
error: unknown option '--runtime'
[2026-04-23T00:16:17Z] Starting bestbroncoaccessories.com
error: unknown option '--runtime'
[2026-04-23T00:16:33Z] Starting broncolift.com
error: unknown option '--runtime'
[2026-04-23T01:15:01Z] Starting bestmeshwifi.com
error: unknown option '--runtime'
[2026-04-23T01:15:17Z] Starting bestinstantpot.com
error: unknown option '--runtime'
[2026-04-23T01:15:32Z] Starting bestgarageorganizer.com
error: unknown option '--runtime'
[2026-04-23T01:15:48Z] Starting bestfirestick.com
error: unknown option '--runtime'
[2026-04-23T01:16:03Z] Starting besttruckaccessories.com
error: unknown option '--runtime'
[2026-04-23T01:16:18Z] Starting bestbroncoaccessories.com
error: unknown option '--runtime'
[2026-04-23T01:16:33Z] Starting broncolift.com
error: unknown option '--runtime'
[2026-04-23T02:15:01Z] Starting bestmeshwifi.com
error: unknown option '--runtime'
[2026-04-23T02:15:17Z] Starting bestinstantpot.com
error: unknown option '--runtime'
[2026-04-23T02:15:32Z] Starting bestgarageorganizer.com
error: unknown option '--runtime'
[2026-04-23T02:15:47Z] Starting bestfirestick.com
error: unknown option '--runtime'
[2026-04-23T02:16:02Z] Starting besttruckaccessories.com
error: unknown option '--runtime'
[2026-04-23T02:16:18Z] Starting bestbroncoaccessories.com
error: unknown option '--runtime'
[2026-04-23T02:16:33Z] Starting broncolift.com
error: unknown option '--runtime'
[2026-04-23T23:15:01Z] Starting bestmeshwifi.com
error: unknown option '--runtime'
[2026-04-23T23:15:17Z] Starting bestinstantpot.com
error: unknown option '--runtime'
[2026-04-23T23:15:32Z] Starting bestgarageorganizer.com
error: unknown option '--runtime'
[2026-04-23T23:15:48Z] Starting bestfirestick.com
error: unknown option '--runtime'
[2026-04-23T23:16:03Z] Starting besttruckaccessories.com
error: unknown option '--runtime'
[2026-04-23T23:16:19Z] Starting bestbroncoaccessories.com
error: unknown option '--runtime'
[2026-04-23T23:16:34Z] Starting broncolift.com
error: unknown option '--runtime'
[2026-04-24T00:15:01Z] Starting bestmeshwifi.com
error: unknown option '--runtime'
[2026-04-24T00:15:17Z] Starting bestinstantpot.com
error: unknown option '--runtime'
[2026-04-24T00:15:32Z] Starting bestgarageorganizer.com
error: unknown option '--runtime'
[2026-04-24T00:15:48Z] Starting bestfirestick.com
error: unknown option '--runtime'
[2026-04-24T00:16:03Z] Starting besttruckaccessories.com
error: unknown option '--runtime'
[2026-04-24T00:16:18Z] Starting bestbroncoaccessories.com
error: unknown option '--runtime'
[2026-04-24T00:16:34Z] Starting broncolift.com
error: unknown option '--runtime'
[2026-04-24T01:15:01Z] Starting bestmeshwifi.com
error: unknown option '--runtime'
[2026-04-24T01:15:16Z] Starting bestinstantpot.com
error: unknown option '--runtime'
[2026-04-24T01:15:32Z] Starting bestgarageorganizer.com
error: unknown option '--runtime'
[2026-04-24T01:15:47Z] Starting bestfirestick.com
error: unknown option '--runtime'
[2026-04-24T01:16:02Z] Starting besttruckaccessories.com
error: unknown option '--runtime'
[2026-04-24T01:16:18Z] Starting bestbroncoaccessories.com
error: unknown option '--runtime'
[2026-04-24T01:16:33Z] Starting broncolift.com
error: unknown option '--runtime'
[2026-04-24T02:15:01Z] Starting bestmeshwifi.com
error: unknown option '--runtime'
[2026-04-24T02:15:16Z] Starting bestinstantpot.com
error: unknown option '--runtime'
[2026-04-24T02:15:31Z] Starting bestgarageorganizer.com
error: unknown option '--runtime'
[2026-04-24T02:15:47Z] Starting bestfirestick.com
error: unknown option '--runtime'
[2026-04-24T02:16:02Z] Starting besttruckaccessories.com
error: unknown option '--runtime'
[2026-04-24T02:16:18Z] Starting bestbroncoaccessories.com
error: unknown option '--runtime'
[2026-04-24T02:16:33Z] Starting broncolift.com
error: unknown option '--runtime'
[2026-04-24T23:15:01Z] Starting bestmeshwifi.com
error: unknown option '--runtime'
[2026-04-24T23:15:17Z] Starting bestinstantpot.com
error: unknown option '--runtime'
[2026-04-24T23:15:33Z] Starting bestgarageorganizer.com
error: unknown option '--runtime'
[2026-04-24T23:15:48Z] Starting bestfirestick.com
error: unknown option '--runtime'
[2026-04-24T23:16:03Z] Starting besttruckaccessories.com
error: unknown option '--runtime'
[2026-04-24T23:16:19Z] Starting bestbroncoaccessories.com
error: unknown option '--runtime'
[2026-04-24T23:16:34Z] Starting broncolift.com
error: unknown option '--runtime'
[2026-04-25T00:15:01Z] Starting bestmeshwifi.com
error: unknown option '--runtime'
[2026-04-25T00:15:17Z] Starting bestinstantpot.com
error: unknown option '--runtime'
[2026-04-25T00:15:32Z] Starting bestgarageorganizer.com
error: unknown option '--runtime'
[2026-04-25T00:15:47Z] Starting bestfirestick.com
error: unknown option '--runtime'
[2026-04-25T00:16:03Z] Starting besttruckaccessories.com
error: unknown option '--runtime'
[2026-04-25T00:16:18Z] Starting bestbroncoaccessories.com
error: unknown option '--runtime'
[2026-04-25T00:16:34Z] Starting broncolift.com
error: unknown option '--runtime'
[2026-04-25T01:15:01Z] Starting bestmeshwifi.com
error: unknown option '--runtime'
[2026-04-25T01:15:17Z] Starting bestinstantpot.com
error: unknown option '--runtime'
[2026-04-25T01:15:32Z] Starting bestgarageorganizer.com
error: unknown option '--runtime'
[2026-04-25T01:15:47Z] Starting bestfirestick.com
error: unknown option '--runtime'
[2026-04-25T01:16:03Z] Starting besttruckaccessories.com
error: unknown option '--runtime'
[2026-04-25T01:16:18Z] Starting bestbroncoaccessories.com
error: unknown option '--runtime'
[2026-04-25T01:16:33Z] Starting broncolift.com
error: unknown option '--runtime'
[2026-04-25T02:15:01Z] Starting bestmeshwifi.com
error: unknown option '--runtime'
[2026-04-25T02:15:16Z] Starting bestinstantpot.com
error: unknown option '--runtime'
[2026-04-25T02:15:32Z] Starting bestgarageorganizer.com
error: unknown option '--runtime'
[2026-04-25T02:15:47Z] Starting bestfirestick.com
error: unknown option '--runtime'
[2026-04-25T02:16:02Z] Starting besttruckaccessories.com
error: unknown option '--runtime'
[2026-04-25T02:16:18Z] Starting bestbroncoaccessories.com
error: unknown option '--runtime'
[2026-04-25T02:16:33Z] Starting broncolift.com
error: unknown option '--runtime'
[2026-04-25T23:15:01Z] Starting bestmeshwifi.com
error: unknown option '--runtime'
[2026-04-25T23:15:17Z] Starting bestinstantpot.com
error: unknown option '--runtime'
[2026-04-25T23:15:32Z] Starting bestgarageorganizer.com
error: unknown option '--runtime'
[2026-04-25T23:15:47Z] Starting bestfirestick.com
error: unknown option '--runtime'
[2026-04-25T23:16:03Z] Starting besttruckaccessories.com
error: unknown option '--runtime'
[2026-04-25T23:16:18Z] Starting bestbroncoaccessories.com
error: unknown option '--runtime'
[2026-04-25T23:16:34Z] Starting broncolift.com
error: unknown option '--runtime'
[2026-04-26T00:15:01Z] Starting bestmeshwifi.com
error: unknown option '--runtime'
[2026-04-26T00:15:16Z] Starting bestinstantpot.com
error: unknown option '--runtime'
[2026-04-26T00:15:32Z] Starting bestgarageorganizer.com
error: unknown option '--runtime'
[2026-04-26T00:15:47Z] Starting bestfirestick.com
error: unknown option '--runtime'
[2026-04-26T00:16:02Z] Starting besttruckaccessories.com
error: unknown option '--runtime'
[2026-04-26T00:16:18Z] Starting bestbroncoaccessories.com
error: unknown option '--runtime'
[2026-04-26T00:16:33Z] Starting broncolift.com
error: unknown option '--runtime'
[2026-04-26T01:15:01Z] Starting bestmeshwifi.com
error: unknown option '--runtime'
[2026-04-26T01:15:16Z] Starting bestinstantpot.com
error: unknown option '--runtime'
[2026-04-26T01:15:32Z] Starting bestgarageorganizer.com
error: unknown option '--runtime'
[2026-04-26T01:15:47Z] Starting bestfirestick.com
error: unknown option '--runtime'
[2026-04-26T01:16:03Z] Starting besttruckaccessories.com
error: unknown option '--runtime'
[2026-04-26T01:16:18Z] Starting bestbroncoaccessories.com
error: unknown option '--runtime'
[2026-04-26T01:16:33Z] Starting broncolift.com
error: unknown option '--runtime'
[2026-04-26T02:15:01Z] Starting bestmeshwifi.com
error: unknown option '--runtime'
[2026-04-26T02:15:17Z] Starting bestinstantpot.com
error: unknown option '--runtime'
[2026-04-26T02:15:32Z] Starting bestgarageorganizer.com
error: unknown option '--runtime'
[2026-04-26T02:15:47Z] Starting bestfirestick.com
error: unknown option '--runtime'
[2026-04-26T02:16:03Z] Starting besttruckaccessories.com
error: unknown option '--runtime'
[2026-04-26T02:16:19Z] Starting bestbroncoaccessories.com
error: unknown option '--runtime'
[2026-04-26T02:16:34Z] Starting broncolift.com
error: unknown option '--runtime'
[2026-04-26T23:15:01Z] Starting bestmeshwifi.com
error: unknown option '--runtime'
[2026-04-26T23:15:16Z] Starting bestinstantpot.com
error: unknown option '--runtime'
[2026-04-26T23:15:32Z] Starting bestgarageorganizer.com
error: unknown option '--runtime'
[2026-04-26T23:15:48Z] Starting bestfirestick.com
error: unknown option '--runtime'
[2026-04-26T23:16:03Z] Starting besttruckaccessories.com
error: unknown option '--runtime'
[2026-04-26T23:16:19Z] Starting bestbroncoaccessories.com
error: unknown option '--runtime'
[2026-04-26T23:16:35Z] Starting broncolift.com
error: unknown option '--runtime'
[2026-04-27T00:15:01Z] Starting bestmeshwifi.com
error: unknown option '--runtime'
[2026-04-27T00:15:17Z] Starting bestinstantpot.com
error: unknown option '--runtime'
[2026-04-27T00:15:32Z] Starting bestgarageorganizer.com
error: unknown option '--runtime'
[2026-04-27T00:15:48Z] Starting bestfirestick.com
error: unknown option '--runtime'
[2026-04-27T00:16:03Z] Starting besttruckaccessories.com
error: unknown option '--runtime'
[2026-04-27T00:16:19Z] Starting bestbroncoaccessories.com
error: unknown option '--runtime'
[2026-04-27T00:16:34Z] Starting broncolift.com
error: unknown option '--runtime'
[2026-04-27T01:15:01Z] Starting bestmeshwifi.com
error: unknown option '--runtime'
[2026-04-27T01:15:16Z] Starting bestinstantpot.com
error: unknown option '--runtime'
[2026-04-27T01:15:32Z] Starting bestgarageorganizer.com
error: unknown option '--runtime'
[2026-04-27T01:15:48Z] Starting bestfirestick.com
error: unknown option '--runtime'
[2026-04-27T01:16:03Z] Starting besttruckaccessories.com
error: unknown option '--runtime'
[2026-04-27T01:16:19Z] Starting bestbroncoaccessories.com
error: unknown option '--runtime'
[2026-04-27T01:16:34Z] Starting broncolift.com
error: unknown option '--runtime'
[2026-04-27T02:15:01Z] Starting bestmeshwifi.com
error: unknown option '--runtime'
[2026-04-27T02:15:17Z] Starting bestinstantpot.com
error: unknown option '--runtime'
[2026-04-27T02:15:32Z] Starting bestgarageorganizer.com
error: unknown option '--runtime'
[2026-04-27T02:15:48Z] Starting bestfirestick.com
error: unknown option '--runtime'
[2026-04-27T02:16:03Z] Starting besttruckaccessories.com
error: unknown option '--runtime'
[2026-04-27T02:16:19Z] Starting bestbroncoaccessories.com
error: unknown option '--runtime'
[2026-04-27T02:16:35Z] Starting broncolift.com
error: unknown option '--runtime'
[2026-04-27T23:15:01Z] Starting bestmeshwifi.com
error: unknown option '--runtime'
[2026-04-27T23:15:17Z] Starting bestinstantpot.com
error: unknown option '--runtime'
[2026-04-27T23:15:33Z] Starting bestgarageorganizer.com
error: unknown option '--runtime'
[2026-04-27T23:15:48Z] Starting bestfirestick.com
error: unknown option '--runtime'
[2026-04-27T23:16:04Z] Starting besttruckaccessories.com
error: unknown option '--runtime'
[2026-04-27T23:16:20Z] Starting bestbroncoaccessories.com
error: unknown option '--runtime'
[2026-04-27T23:16:36Z] Starting broncolift.com
error: unknown option '--runtime'
[2026-04-28T00:15:01Z] Starting bestmeshwifi.com
error: unknown option '--runtime'
[2026-04-28T00:15:16Z] Starting bestinstantpot.com
error: unknown option '--runtime'
[2026-04-28T00:15:32Z] Starting bestgarageorganizer.com
error: unknown option '--runtime'
[2026-04-28T00:15:48Z] Starting bestfirestick.com
error: unknown option '--runtime'
[2026-04-28T00:16:03Z] Starting besttruckaccessories.com
error: unknown option '--runtime'
[2026-04-28T00:16:19Z] Starting bestbroncoaccessories.com
error: unknown option '--runtime'
[2026-04-28T00:16:34Z] Starting broncolift.com
error: unknown option '--runtime'
[2026-04-28T01:15:01Z] Starting bestmeshwifi.com
error: unknown option '--runtime'
[2026-04-28T01:15:17Z] Starting bestinstantpot.com
error: unknown option '--runtime'
[2026-04-28T01:15:32Z] Starting bestgarageorganizer.com
error: unknown option '--runtime'
[2026-04-28T01:15:48Z] Starting bestfirestick.com
error: unknown option '--runtime'
[2026-04-28T01:16:04Z] Starting besttruckaccessories.com
error: unknown option '--runtime'
[2026-04-28T01:16:19Z] Starting bestbroncoaccessories.com
error: unknown option '--runtime'
[2026-04-28T01:16:35Z] Starting broncolift.com
error: unknown option '--runtime'
[2026-04-28T02:15:01Z] Starting bestmeshwifi.com
error: unknown option '--runtime'
[2026-04-28T02:15:17Z] Starting bestinstantpot.com
error: unknown option '--runtime'
[2026-04-28T02:15:33Z] Starting bestgarageorganizer.com
error: unknown option '--runtime'
[2026-04-28T02:15:48Z] Starting bestfirestick.com
error: unknown option '--runtime'
[2026-04-28T02:16:04Z] Starting besttruckaccessories.com
error: unknown option '--runtime'
[2026-04-28T02:16:19Z] Starting bestbroncoaccessories.com
error: unknown option '--runtime'
[2026-04-28T02:16:35Z] Starting broncolift.com
error: unknown option '--runtime'
[2026-04-28T23:15:01Z] Starting bestmeshwifi.com
error: unknown option '--runtime'
[2026-04-28T23:15:17Z] Starting bestinstantpot.com
error: unknown option '--runtime'
[2026-04-28T23:15:33Z] Starting bestgarageorganizer.com
error: unknown option '--runtime'
[2026-04-28T23:15:49Z] Starting bestfirestick.com
error: unknown option '--runtime'
[2026-04-28T23:16:05Z] Starting besttruckaccessories.com
error: unknown option '--runtime'
[2026-04-28T23:16:20Z] Starting bestbroncoaccessories.com
error: unknown option '--runtime'
[2026-04-28T23:16:36Z] Starting broncolift.com
error: unknown option '--runtime'
[2026-04-29T00:15:01Z] Starting bestmeshwifi.com
error: unknown option '--runtime'
[2026-04-29T00:15:17Z] Starting bestinstantpot.com
error: unknown option '--runtime'
[2026-04-29T00:15:33Z] Starting bestgarageorganizer.com
error: unknown option '--runtime'
[2026-04-29T00:15:49Z] Starting bestfirestick.com
error: unknown option '--runtime'
[2026-04-29T00:16:04Z] Starting besttruckaccessories.com
error: unknown option '--runtime'
[2026-04-29T00:16:20Z] Starting bestbroncoaccessories.com
error: unknown option '--runtime'
[2026-04-29T00:16:36Z] Starting broncolift.com
error: unknown option '--runtime'
[2026-04-29T01:15:01Z] Starting bestmeshwifi.com
error: unknown option '--runtime'
[2026-04-29T01:15:17Z] Starting bestinstantpot.com
error: unknown option '--runtime'
[2026-04-29T01:15:33Z] Starting bestgarageorganizer.com
error: unknown option '--runtime'
[2026-04-29T01:15:49Z] Starting bestfirestick.com
error: unknown option '--runtime'
[2026-04-29T01:16:04Z] Starting besttruckaccessories.com
error: unknown option '--runtime'
[2026-04-29T01:16:20Z] Starting bestbroncoaccessories.com
error: unknown option '--runtime'
[2026-04-29T01:16:36Z] Starting broncolift.com
error: unknown option '--runtime'
[2026-04-29T02:15:01Z] Starting bestmeshwifi.com
error: unknown option '--runtime'
[2026-04-29T02:15:17Z] Starting bestinstantpot.com
error: unknown option '--runtime'
[2026-04-29T02:15:33Z] Starting bestgarageorganizer.com
error: unknown option '--runtime'
[2026-04-29T02:15:49Z] Starting bestfirestick.com
error: unknown option '--runtime'
[2026-04-29T02:16:04Z] Starting besttruckaccessories.com
error: unknown option '--runtime'
[2026-04-29T02:16:20Z] Starting bestbroncoaccessories.com
error: unknown option '--runtime'
[2026-04-29T02:16:36Z] Starting broncolift.com
error: unknown option '--runtime'
[2026-04-29T23:15:01Z] Starting bestmeshwifi.com
error: unknown option '--runtime'
[2026-04-29T23:15:03Z] Starting bestinstantpot.com
error: unknown option '--runtime'
[2026-04-29T23:15:04Z] Starting bestgarageorganizer.com
error: unknown option '--runtime'
[2026-04-29T23:15:06Z] Starting bestfirestick.com
error: unknown option '--runtime'
[2026-04-29T23:15:07Z] Starting besttruckaccessories.com
error: unknown option '--runtime'
[2026-04-29T23:15:09Z] Starting bestbroncoaccessories.com
error: unknown option '--runtime'
[2026-04-29T23:15:10Z] Starting broncolift.com
error: unknown option '--runtime'
[2026-04-30T00:15:01Z] Starting bestmeshwifi.com
error: unknown option '--runtime'
[2026-04-30T00:15:03Z] Starting bestinstantpot.com
error: unknown option '--runtime'
[2026-04-30T00:15:05Z] Starting bestgarageorganizer.com
error: unknown option '--runtime'
[2026-04-30T00:15:06Z] Starting bestfirestick.com
error: unknown option '--runtime'
[2026-04-30T00:15:08Z] Starting besttruckaccessories.com
error: unknown option '--runtime'
[2026-04-30T00:15:09Z] Starting bestbroncoaccessories.com
error: unknown option '--runtime'
[2026-04-30T00:15:11Z] Starting broncolift.com
error: unknown option '--runtime'
[2026-04-30T01:15:01Z] Starting bestmeshwifi.com
error: unknown option '--runtime'
[2026-04-30T01:15:02Z] Starting bestinstantpot.com
error: unknown option '--runtime'
[2026-04-30T01:15:04Z] Starting bestgarageorganizer.com
error: unknown option '--runtime'
[2026-04-30T01:15:06Z] Starting bestfirestick.com
error: unknown option '--runtime'
[2026-04-30T01:15:07Z] Starting besttruckaccessories.com
error: unknown option '--runtime'
[2026-04-30T01:15:09Z] Starting bestbroncoaccessories.com
error: unknown option '--runtime'
[2026-04-30T01:15:10Z] Starting broncolift.com
error: unknown option '--runtime'
[2026-04-30T02:15:01Z] Starting bestmeshwifi.com
error: unknown option '--runtime'
[2026-04-30T02:15:02Z] Starting bestinstantpot.com
error: unknown option '--runtime'
[2026-04-30T02:15:04Z] Starting bestgarageorganizer.com
error: unknown option '--runtime'
[2026-04-30T02:15:06Z] Starting bestfirestick.com
error: unknown option '--runtime'
[2026-04-30T02:15:07Z] Starting besttruckaccessories.com
error: unknown option '--runtime'
[2026-04-30T02:15:09Z] Starting bestbroncoaccessories.com
error: unknown option '--runtime'
[2026-04-30T02:15:11Z] Starting broncolift.com
error: unknown option '--runtime'
[2026-04-30T23:15:01Z] Starting bestmeshwifi.com
error: unknown option '--runtime'
[2026-04-30T23:15:03Z] Starting bestinstantpot.com
error: unknown option '--runtime'
[2026-04-30T23:15:04Z] Starting bestgarageorganizer.com
error: unknown option '--runtime'
[2026-04-30T23:15:06Z] Starting bestfirestick.com
error: unknown option '--runtime'
[2026-04-30T23:15:07Z] Starting besttruckaccessories.com
error: unknown option '--runtime'
[2026-04-30T23:15:09Z] Starting bestbroncoaccessories.com
error: unknown option '--runtime'
[2026-04-30T23:15:11Z] Starting broncolift.com
error: unknown option '--runtime'
[2026-05-01T00:15:01Z] Starting bestmeshwifi.com
error: unknown option '--runtime'
[2026-05-01T00:15:03Z] Starting bestinstantpot.com
error: unknown option '--runtime'
[2026-05-01T00:15:04Z] Starting bestgarageorganizer.com
error: unknown option '--runtime'
[2026-05-01T00:15:06Z] Starting bestfirestick.com
error: unknown option '--runtime'
[2026-05-01T00:15:07Z] Starting besttruckaccessories.com
error: unknown option '--runtime'
[2026-05-01T00:15:09Z] Starting bestbroncoaccessories.com
error: unknown option '--runtime'
[2026-05-01T00:15:11Z] Starting broncolift.com
error: unknown option '--runtime'
[2026-05-01T01:15:01Z] Starting bestmeshwifi.com
error: unknown option '--runtime'
[2026-05-01T01:15:02Z] Starting bestinstantpot.com
error: unknown option '--runtime'
[2026-05-01T01:15:04Z] Starting bestgarageorganizer.com
error: unknown option '--runtime'
[2026-05-01T01:15:06Z] Starting bestfirestick.com
error: unknown option '--runtime'
[2026-05-01T01:15:07Z] Starting besttruckaccessories.com
error: unknown option '--runtime'
[2026-05-01T01:15:09Z] Starting bestbroncoaccessories.com
error: unknown option '--runtime'
[2026-05-01T01:15:10Z] Starting broncolift.com
error: unknown option '--runtime'
[2026-05-01T02:15:01Z] Starting bestmeshwifi.com
error: unknown option '--runtime'
[2026-05-01T02:15:03Z] Starting bestinstantpot.com
error: unknown option '--runtime'
[2026-05-01T02:15:04Z] Starting bestgarageorganizer.com
error: unknown option '--runtime'
[2026-05-01T02:15:06Z] Starting bestfirestick.com
error: unknown option '--runtime'
[2026-05-01T02:15:08Z] Starting besttruckaccessories.com
error: unknown option '--runtime'
[2026-05-01T02:15:09Z] Starting bestbroncoaccessories.com
error: unknown option '--runtime'
[2026-05-01T02:15:11Z] Starting broncolift.com
error: unknown option '--runtime'
[2026-05-01T23:15:01Z] Starting bestmeshwifi.com
error: unknown option '--runtime'
[2026-05-01T23:15:03Z] Starting bestinstantpot.com
error: unknown option '--runtime'
[2026-05-01T23:15:04Z] Starting bestgarageorganizer.com
error: unknown option '--runtime'
[2026-05-01T23:15:06Z] Starting bestfirestick.com
error: unknown option '--runtime'
[2026-05-01T23:15:08Z] Starting besttruckaccessories.com
error: unknown option '--runtime'
[2026-05-01T23:15:09Z] Starting bestbroncoaccessories.com
error: unknown option '--runtime'
[2026-05-01T23:15:11Z] Starting broncolift.com
error: unknown option '--runtime'
[2026-05-02T00:15:01Z] Starting bestmeshwifi.com
error: unknown option '--runtime'
[2026-05-02T00:15:02Z] Starting bestinstantpot.com
error: unknown option '--runtime'
[2026-05-02T00:15:04Z] Starting bestgarageorganizer.com
error: unknown option '--runtime'
[2026-05-02T00:15:06Z] Starting bestfirestick.com
error: unknown option '--runtime'
[2026-05-02T00:15:07Z] Starting besttruckaccessories.com
error: unknown option '--runtime'
[2026-05-02T00:15:09Z] Starting bestbroncoaccessories.com
error: unknown option '--runtime'
[2026-05-02T00:15:11Z] Starting broncolift.com
error: unknown option '--runtime'
[2026-05-02T01:15:01Z] Starting bestmeshwifi.com
error: unknown option '--runtime'
[2026-05-02T01:15:03Z] Starting bestinstantpot.com
error: unknown option '--runtime'
[2026-05-02T01:15:05Z] Starting bestgarageorganizer.com
error: unknown option '--runtime'
[2026-05-02T01:15:06Z] Starting bestfirestick.com
error: unknown option '--runtime'
[2026-05-02T01:15:08Z] Starting besttruckaccessories.com
error: unknown option '--runtime'
[2026-05-02T01:15:09Z] Starting bestbroncoaccessories.com
error: unknown option '--runtime'
[2026-05-02T01:15:11Z] Starting broncolift.com
error: unknown option '--runtime'
[2026-05-02T02:15:01Z] Starting bestmeshwifi.com
error: unknown option '--runtime'
[2026-05-02T02:15:03Z] Starting bestinstantpot.com
error: unknown option '--runtime'
[2026-05-02T02:15:05Z] Starting bestgarageorganizer.com
error: unknown option '--runtime'
[2026-05-02T02:15:06Z] Starting bestfirestick.com
error: unknown option '--runtime'
[2026-05-02T02:15:08Z] Starting besttruckaccessories.com
error: unknown option '--runtime'
[2026-05-02T02:15:10Z] Starting bestbroncoaccessories.com
error: unknown option '--runtime'
[2026-05-02T02:15:11Z] Starting broncolift.com
error: unknown option '--runtime'
[2026-05-02T23:15:01Z] Starting bestmeshwifi.com
error: unknown option '--runtime'
[2026-05-02T23:15:03Z] Starting bestinstantpot.com
error: unknown option '--runtime'
[2026-05-02T23:15:04Z] Starting bestgarageorganizer.com
error: unknown option '--runtime'
[2026-05-02T23:15:06Z] Starting bestfirestick.com
error: unknown option '--runtime'
[2026-05-02T23:15:07Z] Starting besttruckaccessories.com
error: unknown option '--runtime'
[2026-05-02T23:15:09Z] Starting bestbroncoaccessories.com
error: unknown option '--runtime'
[2026-05-02T23:15:10Z] Starting broncolift.com
error: unknown option '--runtime'
[2026-05-03T00:15:01Z] Starting bestmeshwifi.com
error: unknown option '--runtime'
[2026-05-03T00:15:03Z] Starting bestinstantpot.com
error: unknown option '--runtime'
[2026-05-03T00:15:04Z] Starting bestgarageorganizer.com
error: unknown option '--runtime'
[2026-05-03T00:15:06Z] Starting bestfirestick.com
error: unknown option '--runtime'
[2026-05-03T00:15:07Z] Starting besttruckaccessories.com
error: unknown option '--runtime'
[2026-05-03T00:15:09Z] Starting bestbroncoaccessories.com
error: unknown option '--runtime'
[2026-05-03T00:15:10Z] Starting broncolift.com
error: unknown option '--runtime'
[2026-05-03T01:15:01Z] Starting bestmeshwifi.com
error: unknown option '--runtime'
[2026-05-03T01:15:03Z] Starting bestinstantpot.com
error: unknown option '--runtime'
[2026-05-03T01:15:05Z] Starting bestgarageorganizer.com
error: unknown option '--runtime'
[2026-05-03T01:15:06Z] Starting bestfirestick.com
error: unknown option '--runtime'
[2026-05-03T01:15:08Z] Starting besttruckaccessories.com
error: unknown option '--runtime'
[2026-05-03T01:15:09Z] Starting bestbroncoaccessories.com
error: unknown option '--runtime'
[2026-05-03T01:15:11Z] Starting broncolift.com
error: unknown option '--runtime'
[2026-05-03T02:15:01Z] Starting bestmeshwifi.com
error: unknown option '--runtime'
[2026-05-03T02:15:03Z] Starting bestinstantpot.com
error: unknown option '--runtime'
[2026-05-03T02:15:04Z] Starting bestgarageorganizer.com
error: unknown option '--runtime'
[2026-05-03T02:15:06Z] Starting bestfirestick.com
error: unknown option '--runtime'
[2026-05-03T02:15:07Z] Starting besttruckaccessories.com
error: unknown option '--runtime'
[2026-05-03T02:15:09Z] Starting bestbroncoaccessories.com
error: unknown option '--runtime'
[2026-05-03T02:15:10Z] Starting broncolift.com
error: unknown option '--runtime'
[2026-05-03T23:15:01Z] Starting bestmeshwifi.com
error: unknown option '--runtime'
[2026-05-03T23:15:03Z] Starting bestinstantpot.com
error: unknown option '--runtime'
[2026-05-03T23:15:04Z] Starting bestgarageorganizer.com
error: unknown option '--runtime'
[2026-05-03T23:15:06Z] Starting bestfirestick.com
error: unknown option '--runtime'
[2026-05-03T23:15:07Z] Starting besttruckaccessories.com
error: unknown option '--runtime'
[2026-05-03T23:15:09Z] Starting bestbroncoaccessories.com
error: unknown option '--runtime'
[2026-05-03T23:15:11Z] Starting broncolift.com
error: unknown option '--runtime'
[2026-05-04T00:15:01Z] Starting bestmeshwifi.com
error: unknown option '--runtime'
[2026-05-04T00:15:02Z] Starting bestinstantpot.com
error: unknown option '--runtime'
[2026-05-04T00:15:04Z] Starting bestgarageorganizer.com
error: unknown option '--runtime'
[2026-05-04T00:15:06Z] Starting bestfirestick.com
error: unknown option '--runtime'
[2026-05-04T00:15:07Z] Starting besttruckaccessories.com
error: unknown option '--runtime'
[2026-05-04T00:15:09Z] Starting bestbroncoaccessories.com
error: unknown option '--runtime'
[2026-05-04T00:15:11Z] Starting broncolift.com
error: unknown option '--runtime'
[2026-05-04T01:15:01Z] Starting bestmeshwifi.com
error: unknown option '--runtime'
[2026-05-04T01:15:03Z] Starting bestinstantpot.com
error: unknown option '--runtime'
[2026-05-04T01:15:05Z] Starting bestgarageorganizer.com
error: unknown option '--runtime'
[2026-05-04T01:15:06Z] Starting bestfirestick.com
error: unknown option '--runtime'
[2026-05-04T01:15:08Z] Starting besttruckaccessories.com
error: unknown option '--runtime'
[2026-05-04T01:15:09Z] Starting bestbroncoaccessories.com
error: unknown option '--runtime'
[2026-05-04T01:15:11Z] Starting broncolift.com
error: unknown option '--runtime'
[2026-05-04T02:15:01Z] Starting bestmeshwifi.com
error: unknown option '--runtime'
[2026-05-04T02:15:03Z] Starting bestinstantpot.com
error: unknown option '--runtime'
[2026-05-04T02:15:05Z] Starting bestgarageorganizer.com
error: unknown option '--runtime'
[2026-05-04T02:15:06Z] Starting bestfirestick.com
error: unknown option '--runtime'
[2026-05-04T02:15:08Z] Starting besttruckaccessories.com
error: unknown option '--runtime'
[2026-05-04T02:15:09Z] Starting bestbroncoaccessories.com
error: unknown option '--runtime'
[2026-05-04T02:15:11Z] Starting broncolift.com
error: unknown option '--runtime'
[2026-05-04T23:15:01Z] Starting bestmeshwifi.com
error: unknown option '--runtime'
[2026-05-04T23:15:03Z] Starting bestinstantpot.com
error: unknown option '--runtime'
[2026-05-04T23:15:04Z] Starting bestgarageorganizer.com
error: unknown option '--runtime'
[2026-05-04T23:15:06Z] Starting bestfirestick.com
error: unknown option '--runtime'
[2026-05-04T23:15:08Z] Starting besttruckaccessories.com
error: unknown option '--runtime'
[2026-05-04T23:15:09Z] Starting bestbroncoaccessories.com
error: unknown option '--runtime'
[2026-05-04T23:15:11Z] Starting broncolift.com
error: unknown option '--runtime'
[2026-05-05T00:15:01Z] Starting bestmeshwifi.com
error: unknown option '--runtime'
[2026-05-05T00:15:03Z] Starting bestinstantpot.com
error: unknown option '--runtime'
[2026-05-05T00:15:05Z] Starting bestgarageorganizer.com
error: unknown option '--runtime'
[2026-05-05T00:15:06Z] Starting bestfirestick.com
error: unknown option '--runtime'
[2026-05-05T00:15:08Z] Starting besttruckaccessories.com
error: unknown option '--runtime'
[2026-05-05T00:15:10Z] Starting bestbroncoaccessories.com
error: unknown option '--runtime'
[2026-05-05T00:15:11Z] Starting broncolift.com
error: unknown option '--runtime'
[2026-05-05T01:15:01Z] Starting bestmeshwifi.com
error: unknown option '--runtime'
[2026-05-05T01:15:02Z] Starting bestinstantpot.com
error: unknown option '--runtime'
[2026-05-05T01:15:04Z] Starting bestgarageorganizer.com
error: unknown option '--runtime'
[2026-05-05T01:15:06Z] Starting bestfirestick.com
error: unknown option '--runtime'
[2026-05-05T01:15:07Z] Starting besttruckaccessories.com
error: unknown option '--runtime'
[2026-05-05T01:15:09Z] Starting bestbroncoaccessories.com
error: unknown option '--runtime'
[2026-05-05T01:15:10Z] Starting broncolift.com
error: unknown option '--runtime'
[2026-05-05T02:15:01Z] Starting bestmeshwifi.com
error: unknown option '--runtime'
[2026-05-05T02:15:02Z] Starting bestinstantpot.com
error: unknown option '--runtime'
[2026-05-05T02:15:04Z] Starting bestgarageorganizer.com
error: unknown option '--runtime'
[2026-05-05T02:15:06Z] Starting bestfirestick.com
error: unknown option '--runtime'
[2026-05-05T02:15:07Z] Starting besttruckaccessories.com
error: unknown option '--runtime'
[2026-05-05T02:15:09Z] Starting bestbroncoaccessories.com
error: unknown option '--runtime'
[2026-05-05T02:15:10Z] Starting broncolift.com
error: unknown option '--runtime'
[2026-05-05T23:15:01Z] Starting bestmeshwifi.com
error: unknown option '--runtime'
[2026-05-05T23:15:02Z] Starting bestinstantpot.com
error: unknown option '--runtime'
[2026-05-05T23:15:04Z] Starting bestgarageorganizer.com
error: unknown option '--runtime'
[2026-05-05T23:15:05Z] Starting bestfirestick.com
error: unknown option '--runtime'
[2026-05-05T23:15:07Z] Starting besttruckaccessories.com
error: unknown option '--runtime'
[2026-05-05T23:15:09Z] Starting bestbroncoaccessories.com
error: unknown option '--runtime'
[2026-05-05T23:15:10Z] Starting broncolift.com
error: unknown option '--runtime'
[2026-05-06T00:15:01Z] Starting bestmeshwifi.com
error: unknown option '--runtime'
[2026-05-06T00:15:02Z] Starting bestinstantpot.com
error: unknown option '--runtime'
[2026-05-06T00:15:04Z] Starting bestgarageorganizer.com
error: unknown option '--runtime'
[2026-05-06T00:15:06Z] Starting bestfirestick.com
error: unknown option '--runtime'
[2026-05-06T00:15:07Z] Starting besttruckaccessories.com
error: unknown option '--runtime'
[2026-05-06T00:15:09Z] Starting bestbroncoaccessories.com
error: unknown option '--runtime'
[2026-05-06T00:15:10Z] Starting broncolift.com
error: unknown option '--runtime'
[2026-05-06T01:15:01Z] Starting bestmeshwifi.com
error: unknown option '--runtime'
[2026-05-06T01:15:03Z] Starting bestinstantpot.com
error: unknown option '--runtime'
[2026-05-06T01:15:04Z] Starting bestgarageorganizer.com
error: unknown option '--runtime'
[2026-05-06T01:15:06Z] Starting bestfirestick.com
error: unknown option '--runtime'
[2026-05-06T01:15:08Z] Starting besttruckaccessories.com
error: unknown option '--runtime'
[2026-05-06T01:15:09Z] Starting bestbroncoaccessories.com
error: unknown option '--runtime'
[2026-05-06T01:15:11Z] Starting broncolift.com
error: unknown option '--runtime'
[2026-05-06T02:15:01Z] Starting bestmeshwifi.com
error: unknown option '--runtime'
[2026-05-06T02:15:02Z] Starting bestinstantpot.com
error: unknown option '--runtime'
[2026-05-06T02:15:04Z] Starting bestgarageorganizer.com
error: unknown option '--runtime'
[2026-05-06T02:15:06Z] Starting bestfirestick.com
error: unknown option '--runtime'
[2026-05-06T02:15:07Z] Starting besttruckaccessories.com
error: unknown option '--runtime'
[2026-05-06T02:15:09Z] Starting bestbroncoaccessories.com
error: unknown option '--runtime'
[2026-05-06T02:15:10Z] Starting broncolift.com
error: unknown option '--runtime'
[2026-05-06T23:15:01Z] Starting bestmeshwifi.com
error: unknown option '--runtime'
[2026-05-06T23:15:03Z] Starting bestinstantpot.com
error: unknown option '--runtime'
[2026-05-06T23:15:04Z] Starting bestgarageorganizer.com
error: unknown option '--runtime'
[2026-05-06T23:15:06Z] Starting bestfirestick.com
error: unknown option '--runtime'
[2026-05-06T23:15:08Z] Starting besttruckaccessories.com
error: unknown option '--runtime'
[2026-05-06T23:15:09Z] Starting bestbroncoaccessories.com
error: unknown option '--runtime'
[2026-05-06T23:15:11Z] Starting broncolift.com
error: unknown option '--runtime'
[2026-05-07T00:15:01Z] Starting bestmeshwifi.com
error: unknown option '--runtime'
[2026-05-07T00:15:03Z] Starting bestinstantpot.com
error: unknown option '--runtime'
[2026-05-07T00:15:05Z] Starting bestgarageorganizer.com
error: unknown option '--runtime'
[2026-05-07T00:15:06Z] Starting bestfirestick.com
error: unknown option '--runtime'
[2026-05-07T00:15:08Z] Starting besttruckaccessories.com
error: unknown option '--runtime'
[2026-05-07T00:15:09Z] Starting bestbroncoaccessories.com
error: unknown option '--runtime'
[2026-05-07T00:15:11Z] Starting broncolift.com
error: unknown option '--runtime'
[2026-05-07T01:15:01Z] Starting bestmeshwifi.com
error: unknown option '--runtime'
[2026-05-07T01:15:02Z] Starting bestinstantpot.com
error: unknown option '--runtime'
[2026-05-07T01:15:04Z] Starting bestgarageorganizer.com
error: unknown option '--runtime'
[2026-05-07T01:15:06Z] Starting bestfirestick.com
error: unknown option '--runtime'
[2026-05-07T01:15:07Z] Starting besttruckaccessories.com
error: unknown option '--runtime'
[2026-05-07T01:15:09Z] Starting bestbroncoaccessories.com
error: unknown option '--runtime'
[2026-05-07T01:15:10Z] Starting broncolift.com
error: unknown option '--runtime'
