✅ https://whatarebest.com/
✅ https://bestseatcover.com/
✅ https://jeepseatcover.com/
✅ https://bestbroncoaccessories.com/
✅ https://besttruckaccessories.com/
✅ https://besttonneaucovers.com/
✅ https://bestcordlesstools.com/
✅ https://bestfirestick.com/
✅ https://bestmeshwifi.com/
✅ https://bestgarageorganizer.com/

Submitted: 10 | Remaining: 15 | Done: 10
✅ https://bestinstantpot.com/
✅ https://bestsmokergrill.com/
✅ https://tacticalseatcovers.com/
✅ https://wranglerseatcover.com/
✅ https://jlseatcovers.com/
✅ https://tacomaseats.com/
✅ https://bestoffroadbrands.com/
✅ https://broncograbhandles.com/
✅ https://homehvacfilters.com/
✅ https://bestwindshieldwiper.com/

Submitted: 10 | Remaining: 5 | Done: 20
✅ https://autopartsreviewed.com/
✅ https://topoffroadstores.com/
✅ https://gladiatorseatcover.com/
✅ https://broncoseatcover.com/
✅ https://tacticalseats.com/

Submitted: 5 | Remaining: 0 | Done: 25
All affiliate homepages already indexed. Nothing to do.
All affiliate homepages already indexed. Nothing to do.
All affiliate homepages already indexed. Nothing to do.
All affiliate homepages already indexed. Nothing to do.
All affiliate homepages already indexed. Nothing to do.
All affiliate homepages already indexed. Nothing to do.
All affiliate homepages already indexed. Nothing to do.
All affiliate homepages already indexed. Nothing to do.
All affiliate homepages already indexed. Nothing to do.
All affiliate homepages already indexed. Nothing to do.
All affiliate homepages already indexed. Nothing to do.
All affiliate homepages already indexed. Nothing to do.
All affiliate homepages already indexed. Nothing to do.
All affiliate homepages already indexed. Nothing to do.
All affiliate homepages already indexed. Nothing to do.
