=== Bartact Ghost Collection URL Cleanup ===
Time: 2026-04-24T07:05:03.346Z
Ghost collection URLs remaining: 2407
Will delete up to 200 this run
  [25/200] 25 deleted...
  [50/200] 50 deleted...
  [75/200] 75 deleted...
  [100/200] 100 deleted...
  [125/200] 125 deleted...
  [150/200] 150 deleted...
  [175/200] 175 deleted...
  [200/200] 200 deleted...

=== SUMMARY ===
Deleted: 200 | Errors: 0 | Remaining: 2207
Est. days to clear: 12
=== Bartact Ghost Collection URL Cleanup ===
Time: 2026-04-25T07:05:03.463Z
Ghost collection URLs remaining: 2207
Will delete up to 200 this run
  [25/200] 25 deleted...
  [50/200] 50 deleted...
  [75/200] 75 deleted...
  [100/200] 100 deleted...
  [125/200] 125 deleted...
  [150/200] 150 deleted...
  [175/200] 175 deleted...
  [200/200] 200 deleted...

=== SUMMARY ===
Deleted: 200 | Errors: 0 | Remaining: 2007
Est. days to clear: 11
=== Bartact Ghost Collection URL Cleanup ===
Time: 2026-04-26T07:05:03.868Z
Ghost collection URLs remaining: 2007
Will delete up to 200 this run
  [25/200] 25 deleted...
  [50/200] 50 deleted...
  [75/200] 75 deleted...
  [100/200] 100 deleted...
  [125/200] 125 deleted...
  [150/200] 150 deleted...
  [175/200] 175 deleted...
  [200/200] 200 deleted...

=== SUMMARY ===
Deleted: 200 | Errors: 0 | Remaining: 1807
Est. days to clear: 10
=== Bartact Ghost Collection URL Cleanup ===
Time: 2026-04-27T07:05:03.127Z
Ghost collection URLs remaining: 1807
Will delete up to 200 this run
  [25/200] 25 deleted...
  [50/200] 50 deleted...
  [75/200] 75 deleted...
  [100/200] 100 deleted...
  [125/200] 125 deleted...
  [150/200] 150 deleted...
  [175/200] 175 deleted...
  [200/200] 200 deleted...

=== SUMMARY ===
Deleted: 200 | Errors: 0 | Remaining: 1607
Est. days to clear: 9
=== Bartact Ghost Collection URL Cleanup ===
Time: 2026-04-28T07:05:03.017Z
Ghost collection URLs remaining: 1607
Will delete up to 200 this run
  [25/200] 25 deleted...
  [50/200] 50 deleted...
  [75/200] 75 deleted...
  [100/200] 100 deleted...
  [125/200] 125 deleted...
  [150/200] 150 deleted...
  [175/200] 175 deleted...
  [200/200] 200 deleted...

=== SUMMARY ===
Deleted: 200 | Errors: 0 | Remaining: 1407
Est. days to clear: 8
=== Bartact Ghost Collection URL Cleanup ===
Time: 2026-04-29T07:05:03.077Z
Ghost collection URLs remaining: 1407
Will delete up to 200 this run
  [25/200] 25 deleted...
  [50/200] 50 deleted...
  [75/200] 75 deleted...
  [100/200] 100 deleted...
  [125/200] 125 deleted...
  [150/200] 150 deleted...
  [175/200] 175 deleted...
  [200/200] 200 deleted...

=== SUMMARY ===
Deleted: 200 | Errors: 0 | Remaining: 1207
Est. days to clear: 7
=== Bartact Ghost Collection URL Cleanup ===
Time: 2026-04-30T07:05:02.990Z
Ghost collection URLs remaining: 1207
Will delete up to 200 this run
  [25/200] 25 deleted...
  [50/200] 50 deleted...
  [75/200] 75 deleted...
  [100/200] 100 deleted...
  [125/200] 125 deleted...
  [150/200] 150 deleted...
  [175/200] 175 deleted...
  [200/200] 200 deleted...

=== SUMMARY ===
Deleted: 200 | Errors: 0 | Remaining: 1007
Est. days to clear: 6
=== Bartact Ghost Collection URL Cleanup ===
Time: 2026-05-01T07:05:03.025Z
Ghost collection URLs remaining: 1007
Will delete up to 200 this run
  [25/200] 25 deleted...
  [50/200] 50 deleted...
  [75/200] 75 deleted...
  [100/200] 100 deleted...
  [125/200] 125 deleted...
  [150/200] 150 deleted...
  [175/200] 175 deleted...
  [200/200] 200 deleted...

=== SUMMARY ===
Deleted: 200 | Errors: 0 | Remaining: 807
Est. days to clear: 5
=== Bartact Ghost Collection URL Cleanup ===
Time: 2026-05-02T07:05:03.027Z
Ghost collection URLs remaining: 807
Will delete up to 200 this run
  [25/200] 25 deleted...
  [50/200] 50 deleted...
  [75/200] 75 deleted...
  [100/200] 100 deleted...
  [125/200] 125 deleted...
  [150/200] 150 deleted...
  [175/200] 175 deleted...
  [200/200] 200 deleted...

=== SUMMARY ===
Deleted: 200 | Errors: 0 | Remaining: 607
Est. days to clear: 4
=== Bartact Ghost Collection URL Cleanup ===
Time: 2026-05-03T07:05:03.510Z
Ghost collection URLs remaining: 607
Will delete up to 200 this run
  [25/200] 25 deleted...
  [50/200] 50 deleted...
  [75/200] 75 deleted...
  [100/200] 100 deleted...
  [125/200] 125 deleted...
  [150/200] 150 deleted...
  [175/200] 175 deleted...
  [200/200] 200 deleted...

=== SUMMARY ===
Deleted: 200 | Errors: 0 | Remaining: 407
Est. days to clear: 3
=== Bartact Ghost Collection URL Cleanup ===
Time: 2026-05-04T07:05:02.848Z
Ghost collection URLs remaining: 407
Will delete up to 200 this run
  [25/200] 25 deleted...
  [50/200] 50 deleted...
  [75/200] 75 deleted...
  [100/200] 100 deleted...
  [125/200] 125 deleted...
  [150/200] 150 deleted...
  [175/200] 175 deleted...
  [200/200] 200 deleted...

=== SUMMARY ===
Deleted: 200 | Errors: 0 | Remaining: 207
Est. days to clear: 2
=== Bartact Ghost Collection URL Cleanup ===
Time: 2026-05-05T07:05:03.241Z
Ghost collection URLs remaining: 207
Will delete up to 200 this run
  [25/200] 25 deleted...
  [50/200] 50 deleted...
  [75/200] 75 deleted...
  [100/200] 100 deleted...
  [125/200] 125 deleted...
  [150/200] 150 deleted...
  [175/200] 175 deleted...
  [200/200] 200 deleted...

=== SUMMARY ===
Deleted: 200 | Errors: 0 | Remaining: 7
Est. days to clear: 1
=== Bartact Ghost Collection URL Cleanup ===
Time: 2026-05-06T07:05:03.082Z
Ghost collection URLs remaining: 7
Will delete up to 200 this run

=== SUMMARY ===
Deleted: 7 | Errors: 0 | Remaining: 0
🎉🎉🎉 ALL GHOST COLLECTION URLS CLEARED! 🎉🎉🎉
